<?xml version="1.0" encoding="UTF-8"?>
<!-- Generated by org.testng.reporters.JUnitReportReporter -->
<testsuite hostname="DESKTOP-BKIRATU" name="httptest.test.TestDemo" tests="2" failures="0" timestamp="31 Oct 2017 05:04:42 GMT" time="0.525" errors="0">
  <testcase name="Login" time="0.482" classname="httptest.test.TestDemo"/>
  <testcase name="Login" time="0.043" classname="httptest.test.TestDemo"/>
</testsuite> <!-- httptest.test.TestDemo -->
