<?xml version="1.0" encoding="UTF-8"?>
<!-- Generated by org.testng.reporters.JUnitReportReporter -->
<testsuite hostname="DESKTOP-BKIRATU" name="httprequsetUtil.httpCookieUtil" tests="2" failures="0" timestamp="24 Oct 2017 11:19:26 GMT" time="0.512" errors="0">
  <testcase name="PostRequest" time="0.321" classname="httprequsetUtil.httpCookieUtil"/>
  <testcase name="testCookieStore" time="0.191" classname="httprequsetUtil.httpCookieUtil"/>
</testsuite> <!-- httprequsetUtil.httpCookieUtil -->
