<?xml version="1.0" encoding="UTF-8"?>
<!-- Generated by org.testng.reporters.JUnitReportReporter -->
<testsuite hostname="DESKTOP-BKIRATU" name="httpTest.TestApp" tests="1" failures="0" timestamp="4 May 2018 05:07:08 GMT" time="0.534" errors="0">
  <testcase name="getUrl" time="0.534" classname="httpTest.TestApp"/>
</testsuite> <!-- httpTest.TestApp -->
