<?xml version="1.0" encoding="UTF-8"?>
<!-- Generated by org.testng.reporters.JUnitReportReporter -->
<testsuite hostname="DESKTOP-BKIRATU" name="httptest.test.httpstest01" tests="1" failures="0" timestamp="31 Oct 2017 02:51:43 GMT" time="0.531" errors="0">
  <testcase name="Login" time="0.531" classname="httptest.test.httpstest01"/>
</testsuite> <!-- httptest.test.httpstest01 -->
