<?xml version="1.0" encoding="UTF-8"?>
<!-- Generated by org.testng.reporters.JUnitReportReporter -->
<testsuite hostname="DESKTOP-BKIRATU" name="httprequsetUtil.test001" tests="1" failures="0" timestamp="24 Oct 2017 11:21:41 GMT" time="0.319" errors="0">
  <testcase name="httpsLogin" time="0.319" classname="httprequsetUtil.test001"/>
</testsuite> <!-- httprequsetUtil.test001 -->
