<?xml version="1.0" encoding="UTF-8"?>
<!-- Generated by org.testng.reporters.JUnitReportReporter -->
<testsuite hostname="DESKTOP-BKIRATU" name="httpTest.APPLoginTest" tests="2" failures="0" timestamp="4 Apr 2018 01:47:59 GMT" time="0.854" errors="0">
  <testcase name="Login" time="0.237" classname="httpTest.APPLoginTest"/>
  <testcase name="Login" time="0.617" classname="httpTest.APPLoginTest"/>
</testsuite> <!-- httpTest.APPLoginTest -->
