<?xml version="1.0" encoding="UTF-8"?>
<!-- Generated by org.testng.reporters.JUnitReportReporter -->
<testsuite hostname="DESKTOP-BKIRATU" name="httptest.test.Login" tests="1" failures="0" timestamp="24 Oct 2017 11:53:38 GMT" time="0.324" errors="0">
  <testcase name="PostRequest" time="0.324" classname="httptest.test.Login"/>
</testsuite> <!-- httptest.test.Login -->
