<?xml version="1.0" encoding="UTF-8"?>
<!-- Generated by org.testng.reporters.JUnitReportReporter -->
<testsuite hostname="DESKTOP-BKIRATU" name="httpTest.ChappieLoginTest" tests="1" failures="0" timestamp="9 Apr 2018 05:50:45 GMT" time="0.374" errors="0">
  <testcase name="Testlogin" time="0.374" classname="httpTest.ChappieLoginTest"/>
</testsuite> <!-- httpTest.ChappieLoginTest -->
