<?xml version="1.0" encoding="UTF-8"?>
<!-- Generated by org.testng.reporters.JUnitReportReporter -->
<testsuite hostname="DESKTOP-BKIRATU" name="httpTest.CreatePlanTest" tests="1" failures="0" timestamp="9 Apr 2018 07:12:50 GMT" time="0.325" errors="0">
  <testcase name="TestCreatePlan" time="0.325" classname="httpTest.CreatePlanTest"/>
</testsuite> <!-- httpTest.CreatePlanTest -->
