<?xml version="1.0" encoding="UTF-8"?>
<!-- Generated by org.testng.reporters.JUnitReportReporter -->
<testsuite hostname="DESKTOP-BKIRATU" name="httprequsetUtil.httpstest01" tests="1" failures="0" timestamp="24 Oct 2017 11:23:38 GMT" time="0.348" errors="0">
  <testcase name="httpsLogin" time="0.348" classname="httprequsetUtil.httpstest01"/>
</testsuite> <!-- httprequsetUtil.httpstest01 -->
