<?xml version="1.0" encoding="UTF-8"?>
<!-- Generated by org.testng.reporters.JUnitReportReporter -->
<testsuite hostname="DESKTOP-BKIRATU" name="httptest.test.httprequest" tests="2" failures="0" timestamp="23 Oct 2017 09:47:35 GMT" time="1.483" errors="0">
  <testcase name="PostRequest" time="0.329" classname="httptest.test.httprequest"/>
  <testcase name="testCookieStore" time="1.154" classname="httptest.test.httprequest"/>
</testsuite> <!-- httptest.test.httprequest -->
