<?xml version="1.0" encoding="UTF-8"?>
<!-- Generated by org.testng.reporters.JUnitReportReporter -->
<testsuite hostname="DESKTOP-BKIRATU" name="httptest.test.mandomgLogin" tests="2" failures="0" timestamp="25 Oct 2017 10:16:52 GMT" time="0.443" errors="0">
  <testcase name="PostLogin" time="0.338" classname="httptest.test.mandomgLogin"/>
  <testcase name="testCookieStore" time="0.105" classname="httptest.test.mandomgLogin"/>
</testsuite> <!-- httptest.test.mandomgLogin -->
