<?xml version="1.0" encoding="UTF-8"?>
<!-- Generated by org.testng.reporters.JUnitReportReporter -->
<testsuite hostname="DESKTOP-BKIRATU" name="httpTest.LoginTest" tests="2" failures="0" timestamp="4 Apr 2018 01:24:57 GMT" time="0.562" errors="0">
  <testcase name="Login" time="0.506" classname="httpTest.LoginTest"/>
  <testcase name="Login" time="0.056" classname="httpTest.LoginTest"/>
</testsuite> <!-- httpTest.LoginTest -->
