<?xml version="1.0" encoding="UTF-8"?>
<!-- Generated by org.testng.reporters.JUnitReportReporter -->
<testsuite hostname="DESKTOP-BKIRATU" name="httptest.test.LoginTest" tests="2" failures="0" timestamp="31 Oct 2017 05:59:34 GMT" time="0.572" errors="0">
  <testcase name="Login" time="0.527" classname="httptest.test.LoginTest"/>
  <testcase name="Login" time="0.045" classname="httptest.test.LoginTest"/>
</testsuite> <!-- httptest.test.LoginTest -->
