<?xml version="1.0" encoding="UTF-8"?>
<!-- Generated by org.testng.reporters.JUnitReportReporter -->
<testsuite hostname="DESKTOP-BKIRATU" name="httpTest.ResolveLoanApply" tests="1" failures="0" timestamp="12 Apr 2018 06:50:48 GMT" time="1.162" errors="0">
  <testcase name="resolveLoanApolyTset" time="1.162" classname="httpTest.ResolveLoanApply"/>
</testsuite> <!-- httpTest.ResolveLoanApply -->
