<?xml version="1.0" encoding="UTF-8"?>
<!-- Generated by org.testng.reporters.JUnitReportReporter -->
<testsuite hostname="DESKTOP-BKIRATU" name="httpTest.ChappieLoginTest" tests="1" failures="0" timestamp="30 May 2018 03:57:19 GMT" time="0.329" errors="0">
  <testcase name="Testlogin" time="0.329" classname="httpTest.ChappieLoginTest"/>
</testsuite> <!-- httpTest.ChappieLoginTest -->
